  Polygon3D.cpp
C:\Users\a018073n\Documents\GitHub\GraphicsProg\Tutorial6\Tutorial2\Polygon3D.h(93,2): warning C4240: nonstandard extension used: access to 'Polygon3D::Color' now defined to be 'public', previously it was defined to be 'protected'
C:\Users\a018073n\Documents\GitHub\GraphicsProg\Tutorial6\Tutorial2\Polygon3D.h(42,7): message : see declaration of 'Polygon3D::Color'
C:\Users\a018073n\Documents\GitHub\GraphicsProg\Tutorial6\Tutorial2\Polygon3D.cpp(248,44): warning C4244: 'argument': conversion from 'int' to 'float', possible loss of data
C:\Users\a018073n\Documents\GitHub\GraphicsProg\Tutorial6\Tutorial2\Polygon3D.cpp(248,41): warning C4244: 'argument': conversion from 'int' to 'float', possible loss of data
C:\Users\a018073n\Documents\GitHub\GraphicsProg\Tutorial6\Tutorial2\Polygon3D.cpp(248,38): warning C4244: 'argument': conversion from 'int' to 'float', possible loss of data
C:\Users\a018073n\Documents\GitHub\GraphicsProg\Tutorial6\Tutorial2\Polygon3D.cpp(257,42): warning C4244: 'argument': conversion from 'int' to 'float', possible loss of data
C:\Users\a018073n\Documents\GitHub\GraphicsProg\Tutorial6\Tutorial2\Polygon3D.cpp(257,39): warning C4244: 'argument': conversion from 'int' to 'float', possible loss of data
C:\Users\a018073n\Documents\GitHub\GraphicsProg\Tutorial6\Tutorial2\Polygon3D.cpp(257,36): warning C4244: 'argument': conversion from 'int' to 'float', possible loss of data
C:\Users\a018073n\Documents\GitHub\GraphicsProg\Tutorial6\Tutorial2\Polygon3D.cpp(237,7): warning C4101: 'c': unreferenced local variable
C:\Users\a018073n\Documents\GitHub\GraphicsProg\Tutorial6\Tutorial2\Polygon3D.cpp(313): warning C4715: 'Polygon3D::LoadVerticesFromFile': not all control paths return a value
GLUTCallbacks.obj : error LNK2019: unresolved external symbol __imp_glutTimerFunc referenced in function "void __cdecl GLUTCallbacks::GameTimer(int)" (?GameTimer@GLUTCallbacks@@YAXH@Z)
HelloGL.obj : error LNK2001: unresolved external symbol __imp_glutTimerFunc
GLUTCallbacks.obj : error LNK2019: unresolved external symbol __imp_glutGet referenced in function "void __cdecl GLUTCallbacks::GameTimer(int)" (?GameTimer@GLUTCallbacks@@YAXH@Z)
HelloGL.obj : error LNK2019: unresolved external symbol __imp_glutInitWindowPosition referenced in function "public: __cdecl HelloGL::HelloGL(int,char * * const)" (??0HelloGL@@QEAA@HQEAPEAD@Z)
HelloGL.obj : error LNK2019: unresolved external symbol __imp_glutInitWindowSize referenced in function "public: __cdecl HelloGL::HelloGL(int,char * * const)" (??0HelloGL@@QEAA@HQEAPEAD@Z)
HelloGL.obj : error LNK2019: unresolved external symbol __imp_glutInitDisplayMode referenced in function "public: __cdecl HelloGL::HelloGL(int,char * * const)" (??0HelloGL@@QEAA@HQEAPEAD@Z)
HelloGL.obj : error LNK2019: unresolved external symbol __imp_glutMainLoop referenced in function "public: __cdecl HelloGL::HelloGL(int,char * * const)" (??0HelloGL@@QEAA@HQEAPEAD@Z)
HelloGL.obj : error LNK2019: unresolved external symbol __imp_glutPostRedisplay referenced in function "public: void __cdecl HelloGL::Update(void)" (?Update@HelloGL@@QEAAXXZ)
HelloGL.obj : error LNK2019: unresolved external symbol __imp_glutSwapBuffers referenced in function "public: void __cdecl HelloGL::Display(void)" (?Display@HelloGL@@QEAAXXZ)
HelloGL.obj : error LNK2019: unresolved external symbol __imp_glutKeyboardFunc referenced in function "public: __cdecl HelloGL::HelloGL(int,char * * const)" (??0HelloGL@@QEAA@HQEAPEAD@Z)
HelloGL.obj : error LNK2019: unresolved external symbol __imp_glutDisplayFunc referenced in function "public: __cdecl HelloGL::HelloGL(int,char * * const)" (??0HelloGL@@QEAA@HQEAPEAD@Z)
HelloGL.obj : error LNK2019: unresolved external symbol __imp_glutWireTeapot referenced in function "public: void __cdecl HelloGL::Draw3D(void)" (?Draw3D@HelloGL@@QEAAXXZ)
HelloGL.obj : error LNK2019: unresolved external symbol __imp___glutInitWithExit referenced in function glutInit_ATEXIT_HACK
HelloGL.obj : error LNK2019: unresolved external symbol __imp___glutCreateWindowWithExit referenced in function glutCreateWindow_ATEXIT_HACK
freeglut.lib : warning LNK4272: library machine type 'x86' conflicts with target machine type 'x64'
C:\Users\a018073n\Documents\GitHub\GraphicsProg\Tutorial6\x64\Debug\Tutorial2.exe : fatal error LNK1120: 13 unresolved externals
